<?xml version="1.0" encoding="UTF-8"?>
<!-- Generated by org.testng.reporters.JUnitReportReporter -->
<testsuite hostname="Monalisa" failures="0" tests="1" name="CucumberOptions.TestNGRunner" time="4.963" errors="0" timestamp="2024-01-20T10:53:19 IST" skipped="0">
  <testcase classname="CucumberOptions.TestNGRunner" name="runScenario" time="4.963"/>
  <system-out/>
</testsuite> <!-- CucumberOptions.TestNGRunner -->
